-------------------------------------------------------------------------------
Test set: runners.CukesRunner
-------------------------------------------------------------------------------
Tests run: 1, Failures: 1, Errors: 0, Skipped: 0, Time elapsed: 45.013 s <<< FAILURE! - in runners.CukesRunner
User is not able to login with a valid username and invalid password_AR(Lamsa Login Scenarios)  Time elapsed: 32.986 s  <<< FAILURE!
org.junit.ComparisonFailure: Verify messages expected:<... إدخال كلمة سر صحيحة[]> but was:<... إدخال كلمة سر صحيحة[.]>

