-------------------------------------------------------------------------------
Test set: runners.FailedTestRunner
-------------------------------------------------------------------------------
Tests run: 1, Failures: 1, Errors: 0, Skipped: 0, Time elapsed: 19.169 s <<< FAILURE! - in runners.FailedTestRunner
User is not able to login with a valid username and invalid password_AR(Lamsa Login Scenarios)  Time elapsed: 18.891 s  <<< FAILURE!
org.junit.ComparisonFailure: Verify messages expected:<... إدخال كلمة سر صحيحة[]> but was:<... إدخال كلمة سر صحيحة[.]>

